#
# A fatal error has been detected by the Java Runtime Environment:
#
#  SIGSEGV (0xb) at pc=0x00007fff7318ef49, pid=17107, tid=0x000000000000a203
#
# JRE version: Java(TM) SE Runtime Environment (8.0_172-b11) (build 1.8.0_172-b11)
# Java VM: Java HotSpot(TM) 64-Bit Server VM (25.172-b11 mixed mode bsd-amd64 compressed oops)
# Problematic frame:
# C  [libsystem_platform.dylib+0x4f49]  _platform_memmove$VARIANT$Haswell+0x29
#
# Failed to write core dump. Core dumps have been disabled. To enable core dumping, try "ulimit -c unlimited" before starting Java again
#
# If you would like to submit a bug report, please visit:
#   http://bugreport.java.com/bugreport/crash.jsp
# The crash happened outside the Java Virtual Machine in native code.
# See problematic frame for where to report the bug.
#

---------------  T H R E A D  ---------------

Current thread (0x00007fc06eaa5800):  JavaThread "localhost-startStop-2" daemon [_thread_in_native, id=41475, stack(0x000070000e2d2000,0x000070000e3d2000)]

siginfo: si_signo: 11 (SIGSEGV), si_code: 1 (SEGV_MAPERR), si_addr: 0x00000001102df000

Registers:
RAX=0x00007fc06f621400, RBX=0x00000001102d3f60, RCX=0x0000000000005f4f, RDX=0x0000000000007261
RSP=0x000070000e3cf660, RBP=0x000070000e3cf660, RSI=0x00000001102df000, RDI=0x00007fc06f622712
R8 =0x00007fc06f6bce00, R9 =0x00000000000082bd, R10=0x00007fc06f000000, R11=0x00007fbf5f343712
R12=0x000000002d72656b, R13=0x0000000000080800, R14=0x00007fc06f621400, R15=0x0000000000007261
RIP=0x00007fff7318ef49, EFLAGS=0x0000000000010202, ERR=0x0000000000000004
  TRAPNO=0x000000000000000e

Top of Stack: (sp=0x000070000e3cf660)
0x000070000e3cf660:   000070000e3cf6d0 00000001087ee399
0x000070000e3cf670:   0000002e6deda778 000000000000006a
0x000070000e3cf680:   0000000000007261 00007fc06f617400
0x000070000e3cf690:   0000000000003332 00007fc0646bd2c0
0x000070000e3cf6a0:   00007fc067641830 00007fc0646bd2c0
0x000070000e3cf6b0:   00007fc0646bd630 00000000000000f0
0x000070000e3cf6c0:   00000000b07cc900 0000000000000000
0x000070000e3cf6d0:   000070000e3cf730 00000001087ee52d
0x000070000e3cf6e0:   000070000e3cf777 000070000e3cf776
0x000070000e3cf6f0:   0000002700000000 0000002801aa5800
0x000070000e3cf700:   000070000e3cf74e 000070000e3cfb98
0x000070000e3cf710:   0000000000000028 000070000e3cf74e
0x000070000e3cf720:   00007fc0646bd2c0 00007fc06eaa59f8
0x000070000e3cf730:   000070000e3cfb80 00000001087ed238
0x000070000e3cf740:   000000076deda778 4557000700000001
0x000070000e3cf750:   696c2f464e492d42 676e697270732f62
0x000070000e3cf760:   332e342d6265772d 41454c45522e372e
0x000070000e3cf770:   000072616a2e4553 000000000000434a
0x000070000e3cf780:   0000000001d6b400 000000011177bb64
0x000070000e3cf790:   000070000e3d03d0 0000000111838e74
0x000070000e3cf7a0:   0000002f00000000 00000006c0a90868
0x000070000e3cf7b0:   000000076deda760 0000000700000002
0x000070000e3cf7c0:   0000015a89014c00 0000000111787564
0x000070000e3cf7d0:   000070000e3cf820 0000009310e762ce
0x000070000e3cf7e0:   000000076deda700 00000006c0858128
0x000070000e3cf7f0:   000000076ded48b0 0000000000000000
0x000070000e3cf800:   000070000e3d03d0 000000011182eb1c
0x000070000e3cf810:   00000000edbdb3d7 0000000110e65118
0x000070000e3cf820:   0000000700000092 00000095115f6350
0x000070000e3cf830:   000000076deda590 0000000111841876
0x000070000e3cf840:   000000d800000095 00000001117836cc
0x000070000e3cf850:   0000000000000095 000000076deda258 

Instructions: (pc=0x00007fff7318ef49)
0x00007fff7318ef29:   f3 48 89 f8 49 39 d3 72 1b 48 83 fa 60 76 2f 48
0x00007fff7318ef39:   81 fa 00 40 00 00 0f 82 cb 00 00 00 48 89 d1 fc
0x00007fff7318ef49:   f3 a4 5d c3 48 39 fe 74 f9 48 01 d6 48 01 d7 48
0x00007fff7318ef59:   83 fa 60 0f 82 8c 01 00 00 e9 a9 01 00 00 48 83 

Register to memory mapping:

RAX=0x00007fc06f621400 is an unknown value
RBX=0x00000001102d3f60 is an unknown value
RCX=0x0000000000005f4f is an unknown value
RDX=0x0000000000007261 is an unknown value
RSP=0x000070000e3cf660 is pointing into the stack for thread: 0x00007fc06eaa5800
RBP=0x000070000e3cf660 is pointing into the stack for thread: 0x00007fc06eaa5800
RSI=0x00000001102df000 is an unknown value
RDI=0x00007fc06f622712 is an unknown value
R8 =0x00007fc06f6bce00 is an unknown value
R9 =0x00000000000082bd is an unknown value
R10=0x00007fc06f000000 is an unknown value
R11=0x00007fbf5f343712 is an unknown value
R12=0x000000002d72656b is an unknown value
R13=0x0000000000080800 is an unknown value
R14=0x00007fc06f621400 is an unknown value
R15=0x0000000000007261 is an unknown value


Stack: [0x000070000e2d2000,0x000070000e3d2000],  sp=0x000070000e3cf660,  free space=1013k
Native frames: (J=compiled Java code, j=interpreted, Vv=VM code, C=native code)
C  [libsystem_platform.dylib+0x4f49]  _platform_memmove$VARIANT$Haswell+0x29
C  [libzip.dylib+0x3399]  newEntry+0x65b
C  [libzip.dylib+0x352d]  ZIP_GetEntry2+0xd4
C  [libzip.dylib+0x2238]  Java_java_util_zip_ZipFile_getEntry+0xcf
J 71  java.util.zip.ZipFile.getEntry(J[BZ)J (0 bytes) @ 0x0000000110e762ce [0x0000000110e76200+0xce]
J 2027 C2 java.util.jar.JarFile.getEntry(Ljava/lang/String;)Ljava/util/zip/ZipEntry; (22 bytes) @ 0x00000001115f6350 [0x00000001115f5fe0+0x370]
J 2815 C2 org.apache.catalina.webresources.JarWarResource.getJarInputStreamWrapper()Lorg/apache/catalina/webresources/AbstractArchiveResource$JarInputStreamWrapper; (276 bytes) @ 0x00000001119db928 [0x00000001119db820+0x108]
J 2806 C1 org.apache.catalina.webresources.AbstractArchiveResource.getContent()[B (305 bytes) @ 0x00000001119b1ef4 [0x00000001119b1b80+0x374]
J 2782 C1 org.apache.catalina.loader.WebappClassLoaderBase.findClassInternal(Ljava/lang/String;)Ljava/lang/Class; (635 bytes) @ 0x0000000111993efc [0x00000001119931a0+0xd5c]
J 2801 C1 org.apache.catalina.loader.WebappClassLoaderBase.findClass(Ljava/lang/String;)Ljava/lang/Class; (533 bytes) @ 0x00000001119a70b4 [0x00000001119a52e0+0x1dd4]
J 2735 C1 org.akhikhl.gretty.TomcatEmbeddedWebappClassLoader.loadClass(Ljava/lang/String;Z)Ljava/lang/Class; (140 bytes) @ 0x00000001119315b4 [0x00000001119307e0+0xdd4]
J 2734 C1 org.apache.catalina.loader.WebappClassLoaderBase.loadClass(Ljava/lang/String;)Ljava/lang/Class; (7 bytes) @ 0x000000011192e844 [0x000000011192e740+0x104]
v  ~StubRoutines::call_stub
V  [libjvm.dylib+0x2f0b3a]  JavaCalls::call_helper(JavaValue*, methodHandle*, JavaCallArguments*, Thread*)+0x6ae
V  [libjvm.dylib+0x2f12de]  JavaCalls::call_virtual(JavaValue*, KlassHandle, Symbol*, Symbol*, JavaCallArguments*, Thread*)+0x164
V  [libjvm.dylib+0x2f1436]  JavaCalls::call_virtual(JavaValue*, Handle, KlassHandle, Symbol*, Symbol*, Handle, Thread*)+0x56
V  [libjvm.dylib+0x5417e6]  SystemDictionary::load_instance_class(Symbol*, Handle, Thread*)+0x2d8
V  [libjvm.dylib+0x540fae]  SystemDictionary::resolve_instance_class_or_null(Symbol*, Handle, Handle, Thread*)+0x484
V  [libjvm.dylib+0x541a02]  SystemDictionary::resolve_or_null(Symbol*, Handle, Handle, Thread*)+0x106
V  [libjvm.dylib+0x5420b5]  SystemDictionary::resolve_or_fail(Symbol*, Handle, Handle, bool, Thread*)+0x31
V  [libjvm.dylib+0x1e4a36]  ConstantPool::klass_at_impl(constantPoolHandle, int, Thread*)+0x2ee
V  [libjvm.dylib+0x455696]  ConstantPool::klass_at(int, Thread*)+0x92
V  [libjvm.dylib+0x3ce846]  LinkResolver::resolve_pool(KlassHandle&, Symbol*&, Symbol*&, KlassHandle&, constantPoolHandle, int, Thread*)+0x72
V  [libjvm.dylib+0x3d201e]  LinkResolver::resolve_invokestatic(CallInfo&, constantPoolHandle, int, Thread*)+0x9e
V  [libjvm.dylib+0x3d2143]  LinkResolver::resolve_invoke(CallInfo&, Handle, constantPoolHandle, int, Bytecodes::Code, Thread*)+0xb3
V  [libjvm.dylib+0x2eaf4e]  InterpreterRuntime::resolve_invoke(JavaThread*, Bytecodes::Code)+0x364
j  org.springframework.web.context.ContextLoaderListener.contextDestroyed(Ljavax/servlet/ServletContextEvent;)V+12
j  org.apache.catalina.core.StandardContext.listenerStop()Z+148
j  org.apache.catalina.core.StandardContext.stopInternal()V+126
j  org.apache.catalina.util.LifecycleBase.stop()V+214
j  org.apache.catalina.core.ContainerBase$StopChild.call()Ljava/lang/Void;+19
j  org.apache.catalina.core.ContainerBase$StopChild.call()Ljava/lang/Object;+1
j  java.util.concurrent.FutureTask.run()V+42
j  java.util.concurrent.ThreadPoolExecutor.runWorker(Ljava/util/concurrent/ThreadPoolExecutor$Worker;)V+95
j  java.util.concurrent.ThreadPoolExecutor$Worker.run()V+5
j  java.lang.Thread.run()V+11
v  ~StubRoutines::call_stub
V  [libjvm.dylib+0x2f0b3a]  JavaCalls::call_helper(JavaValue*, methodHandle*, JavaCallArguments*, Thread*)+0x6ae
V  [libjvm.dylib+0x2f12de]  JavaCalls::call_virtual(JavaValue*, KlassHandle, Symbol*, Symbol*, JavaCallArguments*, Thread*)+0x164
V  [libjvm.dylib+0x2f148a]  JavaCalls::call_virtual(JavaValue*, Handle, KlassHandle, Symbol*, Symbol*, Thread*)+0x4a
V  [libjvm.dylib+0x34bdb1]  thread_entry(JavaThread*, Thread*)+0x7c
V  [libjvm.dylib+0x570a2f]  JavaThread::thread_main_inner()+0x9b
V  [libjvm.dylib+0x57212a]  JavaThread::run()+0x1c2
V  [libjvm.dylib+0x48f2f6]  java_start(Thread*)+0xf6
C  [libsystem_pthread.dylib+0x3661]  _pthread_body+0x154
C  [libsystem_pthread.dylib+0x350d]  _pthread_body+0x0
C  [libsystem_pthread.dylib+0x2bf9]  thread_start+0xd
C  0x0000000000000000

Java frames: (J=compiled Java code, j=interpreted, Vv=VM code)
J 71  java.util.zip.ZipFile.getEntry(J[BZ)J (0 bytes) @ 0x0000000110e76258 [0x0000000110e76200+0x58]
J 2027 C2 java.util.jar.JarFile.getEntry(Ljava/lang/String;)Ljava/util/zip/ZipEntry; (22 bytes) @ 0x00000001115f6350 [0x00000001115f5fe0+0x370]
J 2815 C2 org.apache.catalina.webresources.JarWarResource.getJarInputStreamWrapper()Lorg/apache/catalina/webresources/AbstractArchiveResource$JarInputStreamWrapper; (276 bytes) @ 0x00000001119db928 [0x00000001119db820+0x108]
J 2806 C1 org.apache.catalina.webresources.AbstractArchiveResource.getContent()[B (305 bytes) @ 0x00000001119b1ef4 [0x00000001119b1b80+0x374]
J 2782 C1 org.apache.catalina.loader.WebappClassLoaderBase.findClassInternal(Ljava/lang/String;)Ljava/lang/Class; (635 bytes) @ 0x0000000111993efc [0x00000001119931a0+0xd5c]
J 2801 C1 org.apache.catalina.loader.WebappClassLoaderBase.findClass(Ljava/lang/String;)Ljava/lang/Class; (533 bytes) @ 0x00000001119a70b4 [0x00000001119a52e0+0x1dd4]
J 2735 C1 org.akhikhl.gretty.TomcatEmbeddedWebappClassLoader.loadClass(Ljava/lang/String;Z)Ljava/lang/Class; (140 bytes) @ 0x00000001119315b4 [0x00000001119307e0+0xdd4]
J 2734 C1 org.apache.catalina.loader.WebappClassLoaderBase.loadClass(Ljava/lang/String;)Ljava/lang/Class; (7 bytes) @ 0x000000011192e844 [0x000000011192e740+0x104]
v  ~StubRoutines::call_stub
j  org.springframework.web.context.ContextLoaderListener.contextDestroyed(Ljavax/servlet/ServletContextEvent;)V+12
j  org.apache.catalina.core.StandardContext.listenerStop()Z+148
j  org.apache.catalina.core.StandardContext.stopInternal()V+126
j  org.apache.catalina.util.LifecycleBase.stop()V+214
j  org.apache.catalina.core.ContainerBase$StopChild.call()Ljava/lang/Void;+19
j  org.apache.catalina.core.ContainerBase$StopChild.call()Ljava/lang/Object;+1
j  java.util.concurrent.FutureTask.run()V+42
j  java.util.concurrent.ThreadPoolExecutor.runWorker(Ljava/util/concurrent/ThreadPoolExecutor$Worker;)V+95
j  java.util.concurrent.ThreadPoolExecutor$Worker.run()V+5
j  java.lang.Thread.run()V+11
v  ~StubRoutines::call_stub

---------------  P R O C E S S  ---------------

Java Threads: ( => current thread )
=>0x00007fc06eaa5800 JavaThread "localhost-startStop-2" daemon [_thread_in_native, id=41475, stack(0x000070000e2d2000,0x000070000e3d2000)]
  0x00007fc06bf63000 JavaThread "Tomcat-startStop-2" daemon [_thread_blocked, id=41731, stack(0x000070000e1cf000,0x000070000e2cf000)]
  0x00007fc065b61000 JavaThread "http-nio-8080-exec-4" daemon [_thread_blocked, id=42243, stack(0x000070000e0cc000,0x000070000e1cc000)]
  0x00007fc06686c800 JavaThread "http-nio-8080-exec-3" daemon [_thread_blocked, id=42755, stack(0x000070000dfc9000,0x000070000e0c9000)]
  0x00007fc06f5d9000 JavaThread "http-nio-8080-exec-1" daemon [_thread_blocked, id=22791, stack(0x000070000dbbd000,0x000070000dcbd000)]
  0x00007fc06f5d8000 JavaThread "http-nio-8080-exec-2" daemon [_thread_blocked, id=22535, stack(0x000070000daba000,0x000070000dbba000)]
  0x00007fc069df1800 JavaThread "http-nio-8080-Acceptor-0" daemon [_thread_blocked, id=23555, stack(0x000070000dec6000,0x000070000dfc6000)]
  0x00007fc06518e000 JavaThread "http-nio-8080-ClientPoller-1" daemon [_thread_in_native, id=23043, stack(0x000070000ddc3000,0x000070000dec3000)]
  0x00007fc065519800 JavaThread "http-nio-8080-ClientPoller-0" daemon [_thread_in_native, id=4103, stack(0x000070000dcc0000,0x000070000ddc0000)]
  0x00007fc065eb9800 JavaThread "NioBlockingSelector.BlockPoller-1" daemon [_thread_in_native, id=21763, stack(0x000070000d9b7000,0x000070000dab7000)]
  0x00007fc066019800 JavaThread "Service Thread" daemon [_thread_blocked, id=15363, stack(0x000070000d7b1000,0x000070000d8b1000)]
  0x00007fc066006800 JavaThread "C1 CompilerThread3" daemon [_thread_blocked, id=15107, stack(0x000070000d6ae000,0x000070000d7ae000)]
  0x00007fc066006000 JavaThread "C2 CompilerThread2" daemon [_thread_blocked, id=14595, stack(0x000070000d5ab000,0x000070000d6ab000)]
  0x00007fc065039000 JavaThread "C2 CompilerThread1" daemon [_thread_blocked, id=14083, stack(0x000070000d4a8000,0x000070000d5a8000)]
  0x00007fc065870000 JavaThread "C2 CompilerThread0" daemon [_thread_blocked, id=16899, stack(0x000070000d3a5000,0x000070000d4a5000)]
  0x00007fc06586f800 JavaThread "Signal Dispatcher" daemon [_thread_blocked, id=13835, stack(0x000070000d2a2000,0x000070000d3a2000)]
  0x00007fc06500a800 JavaThread "Finalizer" daemon [_thread_blocked, id=19203, stack(0x000070000d19f000,0x000070000d29f000)]
  0x00007fc065009800 JavaThread "Reference Handler" daemon [_thread_blocked, id=19459, stack(0x000070000d09c000,0x000070000d19c000)]
  0x00007fc06480f000 JavaThread "main" [_thread_blocked, id=6147, stack(0x000070000c67e000,0x000070000c77e000)]

Other Threads:
  0x00007fc065856000 VMThread [stack: 0x000070000cf99000,0x000070000d099000] [id=19971]
  0x00007fc066024800 WatcherThread [stack: 0x000070000d8b4000,0x000070000d9b4000] [id=15875]

VM state:not at safepoint (normal execution)

VM Mutex/Monitor currently owned by a thread: None

Heap:
 PSYoungGen      total 217600K, used 76830K [0x000000076ab00000, 0x0000000779e00000, 0x00000007c0000000)
  eden space 194560K, 27% used [0x000000076ab00000,0x000000076df88060,0x0000000776900000)
  from space 23040K, 99% used [0x0000000778380000,0x00000007799ffa98,0x0000000779a00000)
  to   space 27136K, 0% used [0x0000000776900000,0x0000000776900000,0x0000000778380000)
 ParOldGen       total 140800K, used 30522K [0x00000006c0000000, 0x00000006c8980000, 0x000000076ab00000)
  object space 140800K, 21% used [0x00000006c0000000,0x00000006c1dceb68,0x00000006c8980000)
 Metaspace       used 32567K, capacity 33294K, committed 33536K, reserved 1079296K
  class space    used 3942K, capacity 4255K, committed 4352K, reserved 1048576K

Card table byte_map: [0x000000010ab75000,0x000000010b376000] byte_map_base: 0x0000000107575000

Marking Bits: (ParMarkBitMap*) 0x000000010a0faae0
 Begin Bits: [0x000000011fd49000, 0x0000000123d49000)
 End Bits:   [0x0000000123d49000, 0x0000000127d49000)

Polling page: 0x00000001087a1000

CodeCache: size=245760Kb used=13026Kb max_used=14518Kb free=232733Kb
 bounds [0x0000000110d49000, 0x0000000111b89000, 0x000000011fd49000]
 total_blobs=3675 nmethods=2999 adapters=588
 compilation: enabled

Compilation events (10 events):
Event: 92.417 Thread 0x00007fc066006800 nmethod 3513 0x00000001115b3650 code [0x00000001115b3820, 0x00000001115b4198]
Event: 93.172 Thread 0x00007fc066006800 3516       3       java.nio.ByteBuffer::arrayOffset (35 bytes)
Event: 93.172 Thread 0x00007fc066006800 nmethod 3516 0x0000000111099c50 code [0x0000000111099de0, 0x000000011109a0f8]
Event: 93.229 Thread 0x00007fc066006800 3518       3       org.apache.catalina.util.LifecycleSupport::fireLifecycleEvent (59 bytes)
Event: 93.229 Thread 0x00007fc066006800 nmethod 3518 0x0000000111692b50 code [0x0000000111692d40, 0x0000000111693628]
Event: 93.229 Thread 0x00007fc066006800 3517       3       org.apache.catalina.util.LifecycleBase::fireLifecycleEvent (10 bytes)
Event: 93.230 Thread 0x00007fc066006800 nmethod 3517 0x0000000111466450 code [0x00000001114665c0, 0x00000001114667e8]
Event: 93.230 Thread 0x00007fc066006800 3519       3       sun.util.calendar.AbstractCalendar::getDayOfWeekDateOnOrBefore (31 bytes)
Event: 93.230 Thread 0x00007fc066006800 nmethod 3519 0x0000000110f1ddd0 code [0x0000000110f1df60, 0x0000000110f1e310]
Event: 93.230 Thread 0x00007fc066006800 3520   !   3       java.util.concurrent.ConcurrentHashMap::replaceNode (416 bytes)

GC Heap History (10 events):
Event: 1.604 GC heap before
{Heap before GC invocations=3 (full 1):
 PSYoungGen      total 141824K, used 10736K [0x000000076ab00000, 0x0000000774000000, 0x00000007c0000000)
  eden space 131072K, 0% used [0x000000076ab00000,0x000000076ab00000,0x0000000772b00000)
  from space 10752K, 99% used [0x0000000773580000,0x0000000773ffc040,0x0000000774000000)
  to   space 10752K, 0% used [0x0000000772b00000,0x0000000772b00000,0x0000000773580000)
 ParOldGen       total 175104K, used 9911K [0x00000006c0000000, 0x00000006cab00000, 0x000000076ab00000)
  object space 175104K, 5% used [0x00000006c0000000,0x00000006c09addc0,0x00000006cab00000)
 Metaspace       used 20623K, capacity 21098K, committed 21296K, reserved 1069056K
  class space    used 2403K, capacity 2597K, committed 2688K, reserved 1048576K
Event: 1.654 GC heap after
Heap after GC invocations=3 (full 1):
 PSYoungGen      total 141824K, used 0K [0x000000076ab00000, 0x0000000774000000, 0x00000007c0000000)
  eden space 131072K, 0% used [0x000000076ab00000,0x000000076ab00000,0x0000000772b00000)
  from space 10752K, 0% used [0x0000000773580000,0x0000000773580000,0x0000000774000000)
  to   space 10752K, 0% used [0x0000000772b00000,0x0000000772b00000,0x0000000773580000)
 ParOldGen       total 140800K, used 19034K [0x00000006c0000000, 0x00000006c8980000, 0x000000076ab00000)
  object space 140800K, 13% used [0x00000006c0000000,0x00000006c12968d8,0x00000006c8980000)
 Metaspace       used 20623K, capacity 21098K, committed 21296K, reserved 1069056K
  class space    used 2403K, capacity 2597K, committed 2688K, reserved 1048576K
}
Event: 2.351 GC heap before
{Heap before GC invocations=4 (full 1):
 PSYoungGen      total 141824K, used 131072K [0x000000076ab00000, 0x0000000774000000, 0x00000007c0000000)
  eden space 131072K, 100% used [0x000000076ab00000,0x0000000772b00000,0x0000000772b00000)
  from space 10752K, 0% used [0x0000000773580000,0x0000000773580000,0x0000000774000000)
  to   space 10752K, 0% used [0x0000000772b00000,0x0000000772b00000,0x0000000773580000)
 ParOldGen       total 140800K, used 19034K [0x00000006c0000000, 0x00000006c8980000, 0x000000076ab00000)
  object space 140800K, 13% used [0x00000006c0000000,0x00000006c12968d8,0x00000006c8980000)
 Metaspace       used 21700K, capacity 22248K, committed 22448K, reserved 1069056K
  class space    used 2517K, capacity 2741K, committed 2816K, reserved 1048576K
Event: 2.356 GC heap after
Heap after GC invocations=4 (full 1):
 PSYoungGen      total 141824K, used 6107K [0x000000076ab00000, 0x0000000776280000, 0x00000007c0000000)
  eden space 131072K, 0% used [0x000000076ab00000,0x000000076ab00000,0x0000000772b00000)
  from space 10752K, 56% used [0x0000000772b00000,0x00000007730f6c40,0x0000000773580000)
  to   space 10752K, 0% used [0x0000000775800000,0x0000000775800000,0x0000000776280000)
 ParOldGen       total 140800K, used 19042K [0x00000006c0000000, 0x00000006c8980000, 0x000000076ab00000)
  object space 140800K, 13% used [0x00000006c0000000,0x00000006c12988d8,0x00000006c8980000)
 Metaspace       used 21700K, capacity 22248K, committed 22448K, reserved 1069056K
  class space    used 2517K, capacity 2741K, committed 2816K, reserved 1048576K
}
Event: 3.965 GC heap before
{Heap before GC invocations=5 (full 1):
 PSYoungGen      total 141824K, used 137179K [0x000000076ab00000, 0x0000000776280000, 0x00000007c0000000)
  eden space 131072K, 100% used [0x000000076ab00000,0x0000000772b00000,0x0000000772b00000)
  from space 10752K, 56% used [0x0000000772b00000,0x00000007730f6c40,0x0000000773580000)
  to   space 10752K, 0% used [0x0000000775800000,0x0000000775800000,0x0000000776280000)
 ParOldGen       total 140800K, used 19042K [0x00000006c0000000, 0x00000006c8980000, 0x000000076ab00000)
  object space 140800K, 13% used [0x00000006c0000000,0x00000006c12988d8,0x00000006c8980000)
 Metaspace       used 23216K, capacity 23784K, committed 24064K, reserved 1071104K
  class space    used 2709K, capacity 2947K, committed 3072K, reserved 1048576K
Event: 3.977 GC heap after
Heap after GC invocations=5 (full 1):
 PSYoungGen      total 175104K, used 10748K [0x000000076ab00000, 0x0000000776280000, 0x00000007c0000000)
  eden space 164352K, 0% used [0x000000076ab00000,0x000000076ab00000,0x0000000774b80000)
  from space 10752K, 99% used [0x0000000775800000,0x000000077627f220,0x0000000776280000)
  to   space 10752K, 0% used [0x0000000774d80000,0x0000000774d80000,0x0000000775800000)
 ParOldGen       total 140800K, used 26273K [0x00000006c0000000, 0x00000006c8980000, 0x000000076ab00000)
  object space 140800K, 18% used [0x00000006c0000000,0x00000006c19a86a8,0x00000006c8980000)
 Metaspace       used 23216K, capacity 23784K, committed 24064K, reserved 1071104K
  class space    used 2709K, capacity 2947K, committed 3072K, reserved 1048576K
}
Event: 11.123 GC heap before
{Heap before GC invocations=6 (full 1):
 PSYoungGen      total 175104K, used 175100K [0x000000076ab00000, 0x0000000776280000, 0x00000007c0000000)
  eden space 164352K, 100% used [0x000000076ab00000,0x0000000774b80000,0x0000000774b80000)
  from space 10752K, 99% used [0x0000000775800000,0x000000077627f220,0x0000000776280000)
  to   space 10752K, 0% used [0x0000000774d80000,0x0000000774d80000,0x0000000775800000)
 ParOldGen       total 140800K, used 26273K [0x00000006c0000000, 0x00000006c8980000, 0x000000076ab00000)
  object space 140800K, 18% used [0x00000006c0000000,0x00000006c19a86a8,0x00000006c8980000)
 Metaspace       used 26988K, capacity 27570K, committed 27776K, reserved 1073152K
  class space    used 3202K, capacity 3434K, committed 3456K, reserved 1048576K
Event: 11.131 GC heap after
Heap after GC invocations=6 (full 1):
 PSYoungGen      total 177152K, used 10730K [0x000000076ab00000, 0x0000000779a00000, 0x00000007c0000000)
  eden space 166400K, 0% used [0x000000076ab00000,0x000000076ab00000,0x0000000774d80000)
  from space 10752K, 99% used [0x0000000774d80000,0x00000007757fa818,0x0000000775800000)
  to   space 23040K, 0% used [0x0000000778380000,0x0000000778380000,0x0000000779a00000)
 ParOldGen       total 140800K, used 29870K [0x00000006c0000000, 0x00000006c8980000, 0x000000076ab00000)
  object space 140800K, 21% used [0x00000006c0000000,0x00000006c1d2b8b0,0x00000006c8980000)
 Metaspace       used 26988K, capacity 27570K, committed 27776K, reserved 1073152K
  class space    used 3202K, capacity 3434K, committed 3456K, reserved 1048576K
}
Event: 44.498 GC heap before
{Heap before GC invocations=7 (full 1):
 PSYoungGen      total 177152K, used 177130K [0x000000076ab00000, 0x0000000779a00000, 0x00000007c0000000)
  eden space 166400K, 100% used [0x000000076ab00000,0x0000000774d80000,0x0000000774d80000)
  from space 10752K, 99% used [0x0000000774d80000,0x00000007757fa818,0x0000000775800000)
  to   space 23040K, 0% used [0x0000000778380000,0x0000000778380000,0x0000000779a00000)
 ParOldGen       total 140800K, used 29870K [0x00000006c0000000, 0x00000006c8980000, 0x000000076ab00000)
  object space 140800K, 21% used [0x00000006c0000000,0x00000006c1d2b8b0,0x00000006c8980000)
 Metaspace       used 31451K, capacity 32160K, committed 32256K, reserved 1077248K
  class space    used 3808K, capacity 4089K, committed 4096K, reserved 1048576K
Event: 44.510 GC heap after
Heap after GC invocations=7 (full 1):
 PSYoungGen      total 217600K, used 23038K [0x000000076ab00000, 0x0000000779e00000, 0x00000007c0000000)
  eden space 194560K, 0% used [0x000000076ab00000,0x000000076ab00000,0x0000000776900000)
  from space 23040K, 99% used [0x0000000778380000,0x00000007799ffa98,0x0000000779a00000)
  to   space 27136K, 0% used [0x0000000776900000,0x0000000776900000,0x0000000778380000)
 ParOldGen       total 140800K, used 30522K [0x00000006c0000000, 0x00000006c8980000, 0x000000076ab00000)
  object space 140800K, 21% used [0x00000006c0000000,0x00000006c1dceb68,0x00000006c8980000)
 Metaspace       used 31451K, capacity 32160K, committed 32256K, reserved 1077248K
  class space    used 3808K, capacity 4089K, committed 4096K, reserved 1048576K
}

Deoptimization events (10 events):
Event: 44.262 Thread 0x00007fc06686c800 Uncommon trap: reason=class_check action=maybe_recompile pc=0x00000001113762b8 method=org.apache.catalina.webresources.StandardRoot.getResourceInternal(Ljava/lang/String;Z)Lorg/apache/catalina/WebResource; @ 78
Event: 44.262 Thread 0x00007fc06686c800 Uncommon trap: reason=class_check action=maybe_recompile pc=0x00000001113762b8 method=org.apache.catalina.webresources.StandardRoot.getResourceInternal(Ljava/lang/String;Z)Lorg/apache/catalina/WebResource; @ 78
Event: 44.262 Thread 0x00007fc06686c800 Uncommon trap: reason=class_check action=maybe_recompile pc=0x00000001113762b8 method=org.apache.catalina.webresources.StandardRoot.getResourceInternal(Ljava/lang/String;Z)Lorg/apache/catalina/WebResource; @ 78
Event: 44.269 Thread 0x00007fc06686c800 Uncommon trap: reason=unstable_if action=reinterpret pc=0x0000000111909978 method=org.apache.catalina.webresources.JarWarResourceSet.getArchiveEntries(Z)Ljava/util/HashMap; @ 11
Event: 44.269 Thread 0x00007fc06686c800 Uncommon trap: reason=null_check action=make_not_entrant pc=0x0000000111a28570 method=java.lang.StringCoding.decode(Ljava/lang/String;[BII)[C @ 6
Event: 44.887 Thread 0x00007fc06686c800 Uncommon trap: reason=class_check action=maybe_recompile pc=0x0000000110f37308 method=java.util.TreeMap.put(Ljava/lang/Object;Ljava/lang/Object;)Ljava/lang/Object; @ 127
Event: 44.887 Thread 0x00007fc06686c800 Uncommon trap: reason=class_check action=maybe_recompile pc=0x0000000110f37308 method=java.util.TreeMap.put(Ljava/lang/Object;Ljava/lang/Object;)Ljava/lang/Object; @ 127
Event: 44.887 Thread 0x00007fc06686c800 Uncommon trap: reason=class_check action=maybe_recompile pc=0x0000000110f37308 method=java.util.TreeMap.put(Ljava/lang/Object;Ljava/lang/Object;)Ljava/lang/Object; @ 127
Event: 45.024 Thread 0x00007fc06686c800 Uncommon trap: reason=class_check action=maybe_recompile pc=0x00000001113762b8 method=org.apache.catalina.webresources.StandardRoot.getResourceInternal(Ljava/lang/String;Z)Lorg/apache/catalina/WebResource; @ 78
Event: 47.663 Thread 0x00007fc065b61000 Uncommon trap: reason=bimorphic action=maybe_recompile pc=0x000000011148b9c8 method=java.nio.charset.CharsetDecoder.reset()Ljava/nio/charset/CharsetDecoder; @ 1

Classes redefined (0 events):
No events

Internal exceptions (10 events):
Event: 16.924 Thread 0x00007fc06480f000 Exception <a 'java/lang/ClassNotFoundException': [Lorg/apache/catalina/Container;BeanInfo> (0x000000077402eb38) thrown at [/Users/java_re/workspace/8-2-build-macosx-x86_64/jdk8u172/10810/hotspot/src/share/vm/prims/jni.cpp, line 735]
Event: 16.924 Thread 0x00007fc06480f000 Exception <a 'java/lang/ClassNotFoundException': [Lorg/apache/catalina/Container;BeanInfo> (0x000000077402efa8) thrown at [/Users/java_re/workspace/8-2-build-macosx-x86_64/jdk8u172/10810/hotspot/src/share/vm/prims/jni.cpp, line 735]
Event: 16.924 Thread 0x00007fc06480f000 Exception <a 'java/lang/ClassNotFoundException': [Lorg/apache/catalina/Container;Customizer> (0x000000077402f6b0) thrown at [/Users/java_re/workspace/8-2-build-macosx-x86_64/jdk8u172/10810/hotspot/src/share/vm/prims/jni.cpp, line 735]
Event: 16.924 Thread 0x00007fc06480f000 Exception <a 'java/lang/ClassNotFoundException': [Lorg/apache/catalina/Container;Customizer> (0x000000077402fb28) thrown at [/Users/java_re/workspace/8-2-build-macosx-x86_64/jdk8u172/10810/hotspot/src/share/vm/prims/jni.cpp, line 735]
Event: 16.924 Thread 0x00007fc06480f000 Exception <a 'java/lang/ClassNotFoundException': [Lorg/apache/catalina/Container;Customizer> (0x000000077402ffa0) thrown at [/Users/java_re/workspace/8-2-build-macosx-x86_64/jdk8u172/10810/hotspot/src/share/vm/prims/jni.cpp, line 735]
Event: 16.927 Thread 0x00007fc06480f000 Exception <a 'java/lang/ClassNotFoundException': groovy/json/JsonBuilderBeanInfo> (0x00000007740612a0) thrown at [/Users/java_re/workspace/8-2-build-macosx-x86_64/jdk8u172/10810/hotspot/src/share/vm/classfile/systemDictionary.cpp, line 210]
Event: 16.927 Thread 0x00007fc06480f000 Exception <a 'java/lang/ClassNotFoundException': groovy/json/JsonBuilderCustomizer> (0x0000000774065c88) thrown at [/Users/java_re/workspace/8-2-build-macosx-x86_64/jdk8u172/10810/hotspot/src/share/vm/classfile/systemDictionary.cpp, line 210]
Event: 16.928 Thread 0x00007fc06480f000 Exception <a 'java/lang/ClassNotFoundException': org/akhikhl/gretty/ServerStartEventBeanInfo> (0x0000000774082d88) thrown at [/Users/java_re/workspace/8-2-build-macosx-x86_64/jdk8u172/10810/hotspot/src/share/vm/classfile/systemDictionary.cpp, line 210]
Event: 16.928 Thread 0x00007fc06480f000 Exception <a 'java/lang/ClassNotFoundException': org/akhikhl/gretty/ServerStartEventCustomizer> (0x0000000774088588) thrown at [/Users/java_re/workspace/8-2-build-macosx-x86_64/jdk8u172/10810/hotspot/src/share/vm/classfile/systemDictionary.cpp, line 210]
Event: 44.269 Thread 0x00007fc06686c800 Implicit null exception at 0x0000000111a2614f to 0x0000000111a28541

Events (10 events):
Event: 93.230 loading class java/util/concurrent/ConcurrentHashMap$MapEntry
Event: 93.230 loading class java/util/concurrent/ConcurrentHashMap$MapEntry done
Event: 93.230 Executing VM operation: RevokeBias
Event: 93.230 Executing VM operation: RevokeBias done
Event: 93.230 Executing VM operation: RevokeBias
Event: 93.230 Executing VM operation: RevokeBias done
Event: 93.231 Executing VM operation: RevokeBias
Event: 93.231 Executing VM operation: RevokeBias done
Event: 93.231 loading class org/springframework/web/context/ContextCleanupListener
Event: 93.231 loading class org/springframework/web/context/ContextCleanupListener done


Dynamic libraries:
0x00007fff4a32d000 	/System/Library/Frameworks/Cocoa.framework/Versions/A/Cocoa
0x00007fff56904000 	/System/Library/Frameworks/Security.framework/Versions/A/Security
0x00007fff48f71000 	/System/Library/Frameworks/ApplicationServices.framework/Versions/A/ApplicationServices
0x00007fff72c65000 	/usr/lib/libz.1.dylib
0x00007fff70ba0000 	/usr/lib/libSystem.B.dylib
0x00007fff7224f000 	/usr/lib/libobjc.A.dylib
0x00007fff4aae2000 	/System/Library/Frameworks/CoreFoundation.framework/Versions/A/CoreFoundation
0x00007fff4cc36000 	/System/Library/Frameworks/Foundation.framework/Versions/C/Foundation
0x00007fff480c1000 	/System/Library/Frameworks/AppKit.framework/Versions/C/AppKit
0x00007fff4a6a5000 	/System/Library/Frameworks/CoreData.framework/Versions/A/CoreData
0x00007fff6a4f4000 	/System/Library/PrivateFrameworks/RemoteViewServices.framework/Versions/A/RemoteViewServices
0x00007fff6ec45000 	/System/Library/PrivateFrameworks/UIFoundation.framework/Versions/A/UIFoundation
0x00007fff5f356000 	/System/Library/PrivateFrameworks/DFRFoundation.framework/Versions/A/DFRFoundation
0x00007fff4f27a000 	/System/Library/Frameworks/Metal.framework/Versions/A/Metal
0x00007fff5f4f3000 	/System/Library/PrivateFrameworks/DesktopServicesPriv.framework/Versions/A/DesktopServicesPriv
0x00007fff717a5000 	/usr/lib/libenergytrace.dylib
0x00007fff6ccba000 	/System/Library/PrivateFrameworks/SkyLight.framework/Versions/A/SkyLight
0x00007fff4af85000 	/System/Library/Frameworks/CoreGraphics.framework/Versions/A/CoreGraphics
0x00007fff70b9b000 	/usr/lib/libScreenReader.dylib
0x00007fff4705c000 	/System/Library/Frameworks/Accelerate.framework/Versions/A/Accelerate
0x00007fff4d3af000 	/System/Library/Frameworks/IOSurface.framework/Versions/A/IOSurface
0x00007fff494bb000 	/System/Library/Frameworks/AudioToolbox.framework/Versions/A/AudioToolbox
0x00007fff4974a000 	/System/Library/Frameworks/AudioUnit.framework/Versions/A/AudioUnit
0x00007fff5f3ee000 	/System/Library/PrivateFrameworks/DataDetectorsCore.framework/Versions/A/DataDetectorsCore
0x00007fff49e20000 	/System/Library/Frameworks/Carbon.framework/Versions/A/Frameworks/HIToolbox.framework/Versions/A/HIToolbox
0x00007fff718ff000 	/usr/lib/libicucore.A.dylib
0x00007fff55e85000 	/System/Library/Frameworks/QuartzCore.framework/Versions/A/QuartzCore
0x00007fff6bf71000 	/System/Library/PrivateFrameworks/SignpostNotification.framework/Versions/A/SignpostNotification
0x00007fff4a206000 	/System/Library/Frameworks/Carbon.framework/Versions/A/Frameworks/SpeechRecognition.framework/Versions/A/SpeechRecognition
0x00007fff70cfc000 	/usr/lib/libauto.dylib
0x00007fff72b54000 	/usr/lib/libxml2.2.dylib
0x00007fff5efa9000 	/System/Library/PrivateFrameworks/CoreUI.framework/Versions/A/CoreUI
0x00007fff4a581000 	/System/Library/Frameworks/CoreAudio.framework/Versions/A/CoreAudio
0x00007fff4ca70000 	/System/Library/Frameworks/DiskArbitration.framework/Versions/A/DiskArbitration
0x00007fff71b73000 	/usr/lib/liblangid.dylib
0x00007fff66a04000 	/System/Library/PrivateFrameworks/MultitouchSupport.framework/Versions/A/MultitouchSupport
0x00007fff4d312000 	/System/Library/Frameworks/IOKit.framework/Versions/A/IOKit
0x00007fff7082a000 	/usr/lib/libDiagnosticMessagesClient.dylib
0x00007fff4bc4e000 	/System/Library/Frameworks/CoreServices.framework/Versions/A/CoreServices
0x00007fff68532000 	/System/Library/PrivateFrameworks/PerformanceAnalysis.framework/Versions/A/PerformanceAnalysis
0x00007fff55027000 	/System/Library/Frameworks/OpenGL.framework/Versions/A/OpenGL
0x00007fff4a33b000 	/System/Library/Frameworks/ColorSync.framework/Versions/A/ColorSync
0x00007fff4b597000 	/System/Library/Frameworks/CoreImage.framework/Versions/A/CoreImage
0x00007fff4c5de000 	/System/Library/Frameworks/CoreText.framework/Versions/A/CoreText
0x00007fff4d40d000 	/System/Library/Frameworks/ImageIO.framework/Versions/A/ImageIO
0x00007fff5b6f1000 	/System/Library/PrivateFrameworks/Backup.framework/Versions/A/Backup
0x00007fff70c4c000 	/usr/lib/libarchive.2.dylib
0x00007fff49a6c000 	/System/Library/Frameworks/CFNetwork.framework/Versions/A/CFNetwork
0x00007fff57094000 	/System/Library/Frameworks/SystemConfiguration.framework/Versions/A/SystemConfiguration
0x00007fff70753000 	/usr/lib/libCRFSuite.dylib
0x00007fff70dd5000 	/usr/lib/libc++.1.dylib
0x00007fff70e2c000 	/usr/lib/libc++abi.dylib
0x00007fff72d13000 	/usr/lib/system/libcache.dylib
0x00007fff72d18000 	/usr/lib/system/libcommonCrypto.dylib
0x00007fff72d23000 	/usr/lib/system/libcompiler_rt.dylib
0x00007fff72d2b000 	/usr/lib/system/libcopyfile.dylib
0x00007fff72d35000 	/usr/lib/system/libcorecrypto.dylib
0x00007fff72e42000 	/usr/lib/system/libdispatch.dylib
0x00007fff72e7c000 	/usr/lib/system/libdyld.dylib
0x00007fff72e9a000 	/usr/lib/system/libkeymgr.dylib
0x00007fff72ea8000 	/usr/lib/system/liblaunch.dylib
0x00007fff72ea9000 	/usr/lib/system/libmacho.dylib
0x00007fff72eae000 	/usr/lib/system/libquarantine.dylib
0x00007fff72eb1000 	/usr/lib/system/libremovefile.dylib
0x00007fff72eb3000 	/usr/lib/system/libsystem_asl.dylib
0x00007fff72ecb000 	/usr/lib/system/libsystem_blocks.dylib
0x00007fff72ecc000 	/usr/lib/system/libsystem_c.dylib
0x00007fff72f56000 	/usr/lib/system/libsystem_configuration.dylib
0x00007fff72f5a000 	/usr/lib/system/libsystem_coreservices.dylib
0x00007fff72f5e000 	/usr/lib/system/libsystem_darwin.dylib
0x00007fff72f60000 	/usr/lib/system/libsystem_dnssd.dylib
0x00007fff72f67000 	/usr/lib/system/libsystem_info.dylib
0x00007fff72fd8000 	/usr/lib/system/libsystem_m.dylib
0x00007fff73024000 	/usr/lib/system/libsystem_malloc.dylib
0x00007fff73044000 	/usr/lib/system/libsystem_network.dylib
0x00007fff73175000 	/usr/lib/system/libsystem_networkextension.dylib
0x00007fff73180000 	/usr/lib/system/libsystem_notify.dylib
0x00007fff7319e000 	/usr/lib/system/libsystem_sandbox.dylib
0x00007fff731a2000 	/usr/lib/system/libsystem_secinit.dylib
0x00007fff72fb1000 	/usr/lib/system/libsystem_kernel.dylib
0x00007fff7318a000 	/usr/lib/system/libsystem_platform.dylib
0x00007fff73192000 	/usr/lib/system/libsystem_pthread.dylib
0x00007fff731a4000 	/usr/lib/system/libsystem_symptoms.dylib
0x00007fff731ac000 	/usr/lib/system/libsystem_trace.dylib
0x00007fff731c1000 	/usr/lib/system/libunwind.dylib
0x00007fff731c7000 	/usr/lib/system/libxpc.dylib
0x00007fff70666000 	/usr/lib/closure/libclosured.dylib
0x00007fff70db6000 	/usr/lib/libbsm.0.dylib
0x00007fff72e9b000 	/usr/lib/system/libkxld.dylib
0x00007fff70a64000 	/usr/lib/libOpenScriptingUtil.dylib
0x00007fff71124000 	/usr/lib/libcoretls.dylib
0x00007fff7113d000 	/usr/lib/libcoretls_cfhelpers.dylib
0x00007fff72650000 	/usr/lib/libpam.2.dylib
0x00007fff72777000 	/usr/lib/libsqlite3.dylib
0x00007fff72b43000 	/usr/lib/libxar.1.dylib
0x00007fff70dc7000 	/usr/lib/libbz2.1.0.dylib
0x00007fff71b75000 	/usr/lib/liblzma.5.dylib
0x00007fff72056000 	/usr/lib/libnetwork.dylib
0x00007fff70c35000 	/usr/lib/libapple_nghttp2.dylib
0x00007fff72657000 	/usr/lib/libpcap.A.dylib
0x00007fff70cfd000 	/usr/lib/libboringssl.dylib
0x00007fff72ade000 	/usr/lib/libusrtcp.dylib
0x00007fff70c34000 	/usr/lib/libapple_crypto.dylib
0x00007fff4bfd1000 	/System/Library/Frameworks/CoreServices.framework/Versions/A/Frameworks/FSEvents.framework/Versions/A/FSEvents
0x00007fff4bcc4000 	/System/Library/Frameworks/CoreServices.framework/Versions/A/Frameworks/CarbonCore.framework/Versions/A/CarbonCore
0x00007fff4c198000 	/System/Library/Frameworks/CoreServices.framework/Versions/A/Frameworks/Metadata.framework/Versions/A/Metadata
0x00007fff4c249000 	/System/Library/Frameworks/CoreServices.framework/Versions/A/Frameworks/OSServices.framework/Versions/A/OSServices
0x00007fff4c2aa000 	/System/Library/Frameworks/CoreServices.framework/Versions/A/Frameworks/SearchKit.framework/Versions/A/SearchKit
0x00007fff4bc4f000 	/System/Library/Frameworks/CoreServices.framework/Versions/A/Frameworks/AE.framework/Versions/A/AE
0x00007fff4bfda000 	/System/Library/Frameworks/CoreServices.framework/Versions/A/Frameworks/LaunchServices.framework/Versions/A/LaunchServices
0x00007fff4bf9c000 	/System/Library/Frameworks/CoreServices.framework/Versions/A/Frameworks/DictionaryServices.framework/Versions/A/DictionaryServices
0x00007fff4c319000 	/System/Library/Frameworks/CoreServices.framework/Versions/A/Frameworks/SharedFileList.framework/Versions/A/SharedFileList
0x00007fff504b0000 	/System/Library/Frameworks/NetFS.framework/Versions/A/NetFS
0x00007fff66c95000 	/System/Library/PrivateFrameworks/NetAuth.framework/Versions/A/NetAuth
0x00007fff704fd000 	/System/Library/PrivateFrameworks/login.framework/Versions/A/Frameworks/loginsupport.framework/Versions/A/loginsupport
0x00007fff6e8c6000 	/System/Library/PrivateFrameworks/TCC.framework/Versions/A/TCC
0x00007fff71c56000 	/usr/lib/libmecabra.dylib
0x00007fff48f72000 	/System/Library/Frameworks/ApplicationServices.framework/Versions/A/Frameworks/ATS.framework/Versions/A/ATS
0x00007fff49320000 	/System/Library/Frameworks/ApplicationServices.framework/Versions/A/Frameworks/ColorSyncLegacy.framework/Versions/A/ColorSyncLegacy
0x00007fff493c4000 	/System/Library/Frameworks/ApplicationServices.framework/Versions/A/Frameworks/HIServices.framework/Versions/A/HIServices
0x00007fff49417000 	/System/Library/Frameworks/ApplicationServices.framework/Versions/A/Frameworks/LangAnalysis.framework/Versions/A/LangAnalysis
0x00007fff49426000 	/System/Library/Frameworks/ApplicationServices.framework/Versions/A/Frameworks/PrintCore.framework/Versions/A/PrintCore
0x00007fff49473000 	/System/Library/Frameworks/ApplicationServices.framework/Versions/A/Frameworks/QD.framework/Versions/A/QD
0x00007fff494ae000 	/System/Library/Frameworks/ApplicationServices.framework/Versions/A/Frameworks/SpeechSynthesis.framework/Versions/A/SpeechSynthesis
0x00007fff4a9fc000 	/System/Library/Frameworks/CoreDisplay.framework/Versions/A/CoreDisplay
0x00007fff47074000 	/System/Library/Frameworks/Accelerate.framework/Versions/A/Frameworks/vImage.framework/Versions/A/vImage
0x00007fff47dce000 	/System/Library/Frameworks/Accelerate.framework/Versions/A/Frameworks/vecLib.framework/Versions/A/vecLib
0x00007fff47b6e000 	/System/Library/Frameworks/Accelerate.framework/Versions/A/Frameworks/vecLib.framework/Versions/A/libvDSP.dylib
0x00007fff476ce000 	/System/Library/Frameworks/Accelerate.framework/Versions/A/Frameworks/vecLib.framework/Versions/A/libBNNS.dylib
0x00007fff47ad3000 	/System/Library/Frameworks/Accelerate.framework/Versions/A/Frameworks/vecLib.framework/Versions/A/libQuadrature.dylib
0x00007fff47d1c000 	/System/Library/Frameworks/Accelerate.framework/Versions/A/Frameworks/vecLib.framework/Versions/A/libvMisc.dylib
0x00007fff476fd000 	/System/Library/Frameworks/Accelerate.framework/Versions/A/Frameworks/vecLib.framework/Versions/A/libLAPACK.dylib
0x00007fff47573000 	/System/Library/Frameworks/Accelerate.framework/Versions/A/Frameworks/vecLib.framework/Versions/A/libBLAS.dylib
0x00007fff47abd000 	/System/Library/Frameworks/Accelerate.framework/Versions/A/Frameworks/vecLib.framework/Versions/A/libLinearAlgebra.dylib
0x00007fff47ad9000 	/System/Library/Frameworks/Accelerate.framework/Versions/A/Frameworks/vecLib.framework/Versions/A/libSparse.dylib
0x00007fff47b5a000 	/System/Library/Frameworks/Accelerate.framework/Versions/A/Frameworks/vecLib.framework/Versions/A/libSparseBLAS.dylib
0x00007fff63b2f000 	/System/Library/PrivateFrameworks/GPUWrangler.framework/Versions/A/GPUWrangler
0x00007fff652ac000 	/System/Library/PrivateFrameworks/IOAccelerator.framework/Versions/A/IOAccelerator
0x00007fff652b7000 	/System/Library/PrivateFrameworks/IOPresentment.framework/Versions/A/IOPresentment
0x00007fff5f368000 	/System/Library/PrivateFrameworks/DSExternalDisplay.framework/Versions/A/DSExternalDisplay
0x00007fff544a7000 	/System/Library/Frameworks/OpenGL.framework/Versions/A/Libraries/libCoreFSCache.dylib
0x00007fff4c72f000 	/System/Library/Frameworks/CoreVideo.framework/Versions/A/CoreVideo
0x00007fff648aa000 	/System/Library/PrivateFrameworks/GraphVisualizer.framework/Versions/A/GraphVisualizer
0x00007fff4f4b1000 	/System/Library/Frameworks/MetalPerformanceShaders.framework/Versions/A/MetalPerformanceShaders
0x00007fff70862000 	/usr/lib/libFosl_dynamic.dylib
0x00007fff60439000 	/System/Library/PrivateFrameworks/FaceCore.framework/Versions/A/FaceCore
0x00007fff532ae000 	/System/Library/Frameworks/OpenCL.framework/Versions/A/OpenCL
0x00007fff70e63000 	/usr/lib/libcompression.dylib
0x00007fff49071000 	/System/Library/Frameworks/ApplicationServices.framework/Versions/A/Frameworks/ATS.framework/Versions/A/Resources/libFontParser.dylib
0x00007fff49194000 	/System/Library/Frameworks/ApplicationServices.framework/Versions/A/Frameworks/ATS.framework/Versions/A/Resources/libFontRegistry.dylib
0x00007fff4d674000 	/System/Library/Frameworks/ImageIO.framework/Versions/A/Resources/libJPEG.dylib
0x00007fff4d99d000 	/System/Library/Frameworks/ImageIO.framework/Versions/A/Resources/libTIFF.dylib
0x00007fff4d973000 	/System/Library/Frameworks/ImageIO.framework/Versions/A/Resources/libPng.dylib
0x00007fff4d587000 	/System/Library/Frameworks/ImageIO.framework/Versions/A/Resources/libGIF.dylib
0x00007fff4d58c000 	/System/Library/Frameworks/ImageIO.framework/Versions/A/Resources/libJP2.dylib
0x00007fff4d99a000 	/System/Library/Frameworks/ImageIO.framework/Versions/A/Resources/libRadiance.dylib
0x00007fff5ae1e000 	/System/Library/PrivateFrameworks/AppleJPEG.framework/Versions/A/AppleJPEG
0x00007fff4f318000 	/System/Library/Frameworks/MetalPerformanceShaders.framework/Frameworks/MPSCore.framework/Versions/A/MPSCore
0x00007fff4f334000 	/System/Library/Frameworks/MetalPerformanceShaders.framework/Frameworks/MPSImage.framework/Versions/A/MPSImage
0x00007fff4f3c9000 	/System/Library/Frameworks/MetalPerformanceShaders.framework/Frameworks/MPSNeuralNetwork.framework/Versions/A/MPSNeuralNetwork
0x00007fff4f3a4000 	/System/Library/Frameworks/MetalPerformanceShaders.framework/Frameworks/MPSMatrix.framework/Versions/A/MPSMatrix
0x00007fff6677a000 	/System/Library/PrivateFrameworks/MetalTools.framework/Versions/A/MetalTools
0x00007fff54671000 	/System/Library/Frameworks/OpenGL.framework/Versions/A/Libraries/libGLU.dylib
0x00007fff544b2000 	/System/Library/Frameworks/OpenGL.framework/Versions/A/Libraries/libGFXShared.dylib
0x00007fff544bc000 	/System/Library/Frameworks/OpenGL.framework/Versions/A/Libraries/libGL.dylib
0x00007fff544c8000 	/System/Library/Frameworks/OpenGL.framework/Versions/A/Libraries/libGLImage.dylib
0x00007fff544a4000 	/System/Library/Frameworks/OpenGL.framework/Versions/A/Libraries/libCVMSPluginSupport.dylib
0x00007fff544ad000 	/System/Library/Frameworks/OpenGL.framework/Versions/A/Libraries/libCoreVMClient.dylib
0x00007fff7160f000 	/usr/lib/libcups.2.dylib
0x00007fff4e887000 	/System/Library/Frameworks/Kerberos.framework/Versions/A/Kerberos
0x00007fff4d06c000 	/System/Library/Frameworks/GSS.framework/Versions/A/GSS
0x00007fff7270a000 	/usr/lib/libresolv.9.dylib
0x00007fff7180d000 	/usr/lib/libiconv.2.dylib
0x00007fff6493c000 	/System/Library/PrivateFrameworks/Heimdal.framework/Versions/A/Heimdal
0x00007fff717dc000 	/usr/lib/libheimdal-asn1.dylib
0x00007fff5331a000 	/System/Library/Frameworks/OpenDirectory.framework/Versions/A/OpenDirectory
0x00007fff5d12e000 	/System/Library/PrivateFrameworks/CommonAuth.framework/Versions/A/CommonAuth
0x00007fff532fd000 	/System/Library/Frameworks/OpenDirectory.framework/Versions/A/Frameworks/CFOpenDirectory.framework/Versions/A/CFOpenDirectory
0x00007fff56c2d000 	/System/Library/Frameworks/SecurityFoundation.framework/Versions/A/SecurityFoundation
0x00007fff59ff5000 	/System/Library/PrivateFrameworks/APFS.framework/Versions/A/APFS
0x00007fff72b3f000 	/usr/lib/libutil.dylib
0x00007fff5aea1000 	/System/Library/PrivateFrameworks/AppleSauce.framework/Versions/A/AppleSauce
0x00007fff65a94000 	/System/Library/PrivateFrameworks/LinguisticData.framework/Versions/A/LinguisticData
0x00007fff71b8f000 	/usr/lib/libmarisa.dylib
0x00007fff65a4e000 	/System/Library/PrivateFrameworks/Lexicon.framework/Versions/A/Lexicon
0x00007fff7078d000 	/usr/lib/libChineseTokenizer.dylib
0x00007fff70e52000 	/usr/lib/libcmph.dylib
0x00007fff65958000 	/System/Library/PrivateFrameworks/LanguageModeling.framework/Versions/A/LanguageModeling
0x00007fff5dc3a000 	/System/Library/PrivateFrameworks/CoreEmoji.framework/Versions/A/CoreEmoji
0x00007fff56ceb000 	/System/Library/Frameworks/ServiceManagement.framework/Versions/A/ServiceManagement
0x00007fff5b6e9000 	/System/Library/PrivateFrameworks/BackgroundTaskManagement.framework/Versions/A/BackgroundTaskManagement
0x00007fff72c3c000 	/usr/lib/libxslt.1.dylib
0x00007fff4a130000 	/System/Library/Frameworks/Carbon.framework/Versions/A/Frameworks/Ink.framework/Versions/A/Ink
0x00007fff6eadb000 	/System/Library/PrivateFrameworks/TextureIO.framework/Versions/A/TextureIO
0x00007fff70c77000 	/usr/lib/libate.dylib
0x00007fff5f2c8000 	/System/Library/PrivateFrameworks/CrashReporterSupport.framework/Versions/A/CrashReporterSupport
0x00007fff6be34000 	/System/Library/PrivateFrameworks/Sharing.framework/Versions/A/Sharing
0x00007fff6569a000 	/System/Library/PrivateFrameworks/IconServices.framework/Versions/A/IconServices
0x00007fff5aca3000 	/System/Library/PrivateFrameworks/Apple80211.framework/Versions/A/Apple80211
0x00007fff5f0de000 	/System/Library/PrivateFrameworks/CoreUtils.framework/Versions/A/CoreUtils
0x00007fff4c76a000 	/System/Library/Frameworks/CoreWLAN.framework/Versions/A/CoreWLAN
0x00007fff4d1ae000 	/System/Library/Frameworks/IOBluetooth.framework/Versions/A/IOBluetooth
0x00007fff6a300000 	/System/Library/PrivateFrameworks/ProtocolBuffer.framework/Versions/A/ProtocolBuffer
0x00007fff5f263000 	/System/Library/PrivateFrameworks/CoreWiFi.framework/Versions/A/CoreWiFi
0x00007fff4a67b000 	/System/Library/Frameworks/CoreBluetooth.framework/Versions/A/CoreBluetooth
0x00007fff5f4b2000 	/System/Library/PrivateFrameworks/DebugSymbols.framework/Versions/A/DebugSymbols
0x00007fff5ee95000 	/System/Library/PrivateFrameworks/CoreSymbolication.framework/Versions/A/CoreSymbolication
0x00007fff6e2cd000 	/System/Library/PrivateFrameworks/Symbolication.framework/Versions/A/Symbolication
0x00007fff5accd000 	/System/Library/PrivateFrameworks/AppleFSCompression.framework/Versions/A/AppleFSCompression
0x00007fff6d71c000 	/System/Library/PrivateFrameworks/SpeechRecognitionCore.framework/Versions/A/SpeechRecognitionCore
0x0000000109800000 	/Library/Java/JavaVirtualMachines/jdk1.8.0_172.jdk/Contents/Home/jre/lib/server/libjvm.dylib
0x00007fff72a0c000 	/usr/lib/libstdc++.6.0.9.dylib
0x000000010875d000 	/Library/Java/JavaVirtualMachines/jdk1.8.0_172.jdk/Contents/Home/jre/lib/libverify.dylib
0x000000010876b000 	/Library/Java/JavaVirtualMachines/jdk1.8.0_172.jdk/Contents/Home/jre/lib/libjava.dylib
0x00000001087eb000 	/Library/Java/JavaVirtualMachines/jdk1.8.0_172.jdk/Contents/Home/jre/lib/libzip.dylib
0x0000000110c5c000 	/Library/Java/JavaVirtualMachines/jdk1.8.0_172.jdk/Contents/Home/jre/lib/libnet.dylib
0x000000011034a000 	/Library/Java/JavaVirtualMachines/jdk1.8.0_172.jdk/Contents/Home/jre/lib/libmanagement.dylib
0x0000000110358000 	/Library/Java/JavaVirtualMachines/jdk1.8.0_172.jdk/Contents/Home/jre/lib/libnio.dylib

VM Arguments:
jvm_args: -Djava.security.egd=file:/dev/./urandom -Dfile.encoding=UTF-8 -Duser.country=US -Duser.language=en -Duser.variant 
java_command: org.akhikhl.gretty.Runner --servicePort=61758 --statusPort=61759 --serverManagerFactory=org.akhikhl.gretty.ServerManagerFactory
java_class_path (initial): /Users/akhaurishekhar/.gradle/caches/modules-2/files-2.1/org.akhikhl.gretty/gretty-runner-tomcat8/1.4.0/6e4b18761ffbb5c08e77b14fe431cb1f488bf405/gretty-runner-tomcat8-1.4.0.jar:/Users/akhaurishekhar/.gradle/caches/modules-2/files-2.1/org.akhikhl.gretty/gretty-runner-tomcat/1.4.0/97489f893181fae591ff6f6c4eb04205a645e040/gretty-runner-tomcat-1.4.0.jar:/Users/akhaurishekhar/.gradle/caches/modules-2/files-2.1/org.apache.tomcat.embed/tomcat-embed-jasper/8.0.33/dbad52f8e628b447fbf8620a8ed94ab347e263e9/tomcat-embed-jasper-8.0.33.jar:/Users/akhaurishekhar/.gradle/caches/modules-2/files-2.1/org.apache.tomcat.embed/tomcat-embed-websocket/8.0.33/be1f95e5d9ae00f9bc6138441d29cfe5c7c60256/tomcat-embed-websocket-8.0.33.jar:/Users/akhaurishekhar/.gradle/caches/modules-2/files-2.1/org.apache.tomcat.embed/tomcat-embed-core/8.0.33/4e7f547fbb2c364cb5e02a58790c5fb89e31efed/tomcat-embed-core-8.0.33.jar:/Users/akhaurishekhar/.gradle/caches/modules-2/files-2.1/org.apache.tomcat.embed/tomcat-embed-el/8.0.33/31423f2d493cf1f7cf5f0082c9f94640e93b8c1b/tomcat-embed-el-8.0.33.jar:/Users/akhaurishekhar/.gradle/caches/modules-2/files-2.1/org.apache.tomcat.embed/tomcat-embed-logging-log4j/8.0.33/2607f5b35f7641042414f76cdf2a9d5ec8033294/tomcat-embed-logging-log4j-8.0.33.jar:/Users/akhaurishekhar/.gradle/caches/modules-2/files-2.1/javax.servlet/javax.servlet-api/3.1.0/3cd63d075497751784b2fa84be59432f4905bf7c/javax.servlet-api-3.1.0.jar:/Users/akhaurishekhar/.gradle/caches/modules-2/files-2.1/org.akhikhl.gretty/gretty-runner/1.4.0/2bf8fc590edd6f401e7495227e3e68f07cc0344e/gretty-runner-1.4.0.jar:/Users/akhaurishekhar/.gradle/caches/modules-2/files-2.1/org.slf4j/log4j-over-slf4j/1.7.12/d2444c9c7c1923304c25f86c5ee83a79a8166205/log4j-over-slf4j-1.7.12.jar:/Users/akhaurishekhar/.gradle/caches/modules-2/files-2.1/org.eclipse.jdt.core.compiler/ecj/4.5/6ee0a678915ddac550d9187c896be6cb76f5cd2f/ecj-4.5.jar:/Users/akhaurishekhar/.gradle/caches/modules-2/files-2.1/org.codehaus.groovy/g
Launcher Type: SUN_STANDARD

Environment Variables:
PATH=/usr/local/bin:/usr/bin:/bin:/usr/sbin:/sbin
SHELL=/bin/bash

Signal Handlers:
SIGSEGV: [libjvm.dylib+0x5b6fd9], sa_mask[0]=11111111011111110111111111111111, sa_flags=SA_ONSTACK|SA_RESTART|SA_SIGINFO
SIGBUS: [libjvm.dylib+0x5b6fd9], sa_mask[0]=11111111011111110111111111111111, sa_flags=SA_RESTART|SA_SIGINFO
SIGFPE: [libjvm.dylib+0x48c8e8], sa_mask[0]=11111111011111110111111111111111, sa_flags=SA_RESTART|SA_SIGINFO
SIGPIPE: [libjvm.dylib+0x48c8e8], sa_mask[0]=11111111011111110111111111111111, sa_flags=SA_RESTART|SA_SIGINFO
SIGXFSZ: [libjvm.dylib+0x48c8e8], sa_mask[0]=11111111011111110111111111111111, sa_flags=SA_RESTART|SA_SIGINFO
SIGILL: [libjvm.dylib+0x48c8e8], sa_mask[0]=11111111011111110111111111111111, sa_flags=SA_RESTART|SA_SIGINFO
SIGUSR1: SIG_DFL, sa_mask[0]=11011111011111100000000111000110, sa_flags=none
SIGUSR2: [libjvm.dylib+0x48c406], sa_mask[0]=00100000000000000000000000000000, sa_flags=SA_RESTART|SA_SIGINFO
SIGHUP: [libjvm.dylib+0x48a9d1], sa_mask[0]=11111111011111110111111111111111, sa_flags=SA_RESTART|SA_SIGINFO
SIGINT: [libjvm.dylib+0x48a9d1], sa_mask[0]=11111111011111110111111111111111, sa_flags=SA_RESTART|SA_SIGINFO
SIGTERM: [libjvm.dylib+0x48a9d1], sa_mask[0]=11111111011111110111111111111111, sa_flags=SA_RESTART|SA_SIGINFO
SIGQUIT: [libjvm.dylib+0x48a9d1], sa_mask[0]=11111111011111110111111111111111, sa_flags=SA_RESTART|SA_SIGINFO


---------------  S Y S T E M  ---------------

OS:Bsduname:Darwin 17.5.0 Darwin Kernel Version 17.5.0: Fri Apr 13 19:32:32 PDT 2018; root:xnu-4570.51.2~1/RELEASE_X86_64 x86_64
rlimit: STACK 8192k, CORE 0k, NPROC 1418, NOFILE 10240, AS infinity
load average:2.85 2.40 2.19

CPU:total 8 (initial active 8) (4 cores per cpu, 2 threads per core) family 6 model 70 stepping 1, cmov, cx8, fxsr, mmx, sse, sse2, sse3, ssse3, sse4.1, sse4.2, popcnt, avx, avx2, aes, clmul, erms, lzcnt, ht, tsc, tscinvbit, bmi1, bmi2

Memory: 4k page, physical 16777216k(2750960k free)

/proc/meminfo:


vm_info: Java HotSpot(TM) 64-Bit Server VM (25.172-b11) for bsd-amd64 JRE (1.8.0_172-b11), built on Mar 28 2018 15:38:02 by "java_re" with gcc 4.2.1 (Based on Apple Inc. build 5658) (LLVM build 2336.11.00)

time: Mon Jul 23 12:52:03 2018
elapsed time: 93 seconds (0d 0h 1m 33s)

